C:\Projects\2sxc-inpage\compiled\src\toolbar\button\group-config.js
C:\Projects\2sxc-inpage\compiled\src\toolbar\button\group-config.js.map
C:\Projects\2sxc-inpage\compiled\src\toolbar\toolbar\toolbar-settings.js
C:\Projects\2sxc-inpage\compiled\src\toolbar\toolbar\toolbar-settings.js.map
C:\Projects\2sxc-inpage\compiled\src\toolbar\toolbar\toolbar-config.js
C:\Projects\2sxc-inpage\compiled\src\toolbar\toolbar\toolbar-config.js.map
C:\Projects\2sxc-inpage\compiled\src\context\content-block-context\content-block-context.js
C:\Projects\2sxc-inpage\compiled\src\context\content-block-context\content-block-context.js.map
C:\Projects\2sxc-inpage\compiled\src\context\base-context\base-context.js
C:\Projects\2sxc-inpage\compiled\src\context\base-context\base-context.js.map
C:\Projects\2sxc-inpage\compiled\src\context\base-context\system-context.js
C:\Projects\2sxc-inpage\compiled\src\context\base-context\system-context.js.map
C:\Projects\2sxc-inpage\compiled\src\context\base-context\tenant-context.js
C:\Projects\2sxc-inpage\compiled\src\context\base-context\tenant-context.js.map
C:\Projects\2sxc-inpage\compiled\src\context\base-context\user-context.js
C:\Projects\2sxc-inpage\compiled\src\context\base-context\user-context.js.map
C:\Projects\2sxc-inpage\compiled\src\context\context-of.js
C:\Projects\2sxc-inpage\compiled\src\context\context-of.js.map
C:\Projects\2sxc-inpage\compiled\src\context\page-context\page-context.js
C:\Projects\2sxc-inpage\compiled\src\context\page-context\page-context.js.map
C:\Projects\2sxc-inpage\compiled\src\context\context-of-page.js
C:\Projects\2sxc-inpage\compiled\src\context\context-of-page.js.map
C:\Projects\2sxc-inpage\compiled\src\context\instance-context\app-context.js
C:\Projects\2sxc-inpage\compiled\src\context\instance-context\app-context.js.map
C:\Projects\2sxc-inpage\compiled\src\data-edit-context\parameters-entity.js
C:\Projects\2sxc-inpage\compiled\src\data-edit-context\parameters-entity.js.map
C:\Projects\2sxc-inpage\compiled\src\context\instance-context\instance-context.js
C:\Projects\2sxc-inpage\compiled\src\context\instance-context\instance-context.js.map
C:\Projects\2sxc-inpage\compiled\src\data-edit-context\content-block.js
C:\Projects\2sxc-inpage\compiled\src\data-edit-context\content-block.js.map
C:\Projects\2sxc-inpage\compiled\src\data-edit-context\content-group.js
C:\Projects\2sxc-inpage\compiled\src\data-edit-context\content-group.js.map
C:\Projects\2sxc-inpage\compiled\src\data-edit-context\environment.js
C:\Projects\2sxc-inpage\compiled\src\data-edit-context\environment.js.map
C:\Projects\2sxc-inpage\compiled\src\data-edit-context\error.js
C:\Projects\2sxc-inpage\compiled\src\data-edit-context\error.js.map
C:\Projects\2sxc-inpage\compiled\src\data-edit-context\language.js
C:\Projects\2sxc-inpage\compiled\src\data-edit-context\language.js.map
C:\Projects\2sxc-inpage\compiled\src\data-edit-context\user.js
C:\Projects\2sxc-inpage\compiled\src\data-edit-context\user.js.map
C:\Projects\2sxc-inpage\compiled\src\data-edit-context\data-edit-context.js
C:\Projects\2sxc-inpage\compiled\src\data-edit-context\data-edit-context.js.map
C:\Projects\2sxc-inpage\compiled\src\context\instance-context\sxc-context.js
C:\Projects\2sxc-inpage\compiled\src\context\instance-context\sxc-context.js.map
C:\Projects\2sxc-inpage\compiled\src\context\context-of-instance.js
C:\Projects\2sxc-inpage\compiled\src\context\context-of-instance.js.map
C:\Projects\2sxc-inpage\compiled\src\context\context-of-content-block.js
C:\Projects\2sxc-inpage\compiled\src\context\context-of-content-block.js.map
C:\Projects\2sxc-inpage\compiled\src\context\item-context\item-context.js
C:\Projects\2sxc-inpage\compiled\src\context\item-context\item-context.js.map
C:\Projects\2sxc-inpage\compiled\src\context\context-of-item.js
C:\Projects\2sxc-inpage\compiled\src\context\context-of-item.js.map
C:\Projects\2sxc-inpage\compiled\src\context\context-of-toolbar.js
C:\Projects\2sxc-inpage\compiled\src\context\context-of-toolbar.js.map
C:\Projects\2sxc-inpage\compiled\src\context\context-of-button.js
C:\Projects\2sxc-inpage\compiled\src\context\context-of-button.js.map
C:\Projects\2sxc-inpage\compiled\src\manage\instance-config.js
C:\Projects\2sxc-inpage\compiled\src\manage\instance-config.js.map
C:\Projects\2sxc-inpage\compiled\src\manage\user-of-edit-context.js
C:\Projects\2sxc-inpage\compiled\src\manage\user-of-edit-context.js.map
C:\Projects\2sxc-inpage\compiled\src\manage\ng-dialog-params.js
C:\Projects\2sxc-inpage\compiled\src\manage\ng-dialog-params.js.map
C:\Projects\2sxc-inpage\compiled\src\manage\quick-dialog-config.js
C:\Projects\2sxc-inpage\compiled\src\manage\quick-dialog-config.js.map
C:\Projects\2sxc-inpage\compiled\src\manage\api.js
C:\Projects\2sxc-inpage\compiled\src\manage\api.js.map
C:\Projects\2sxc-inpage\compiled\src\translate\2sxc.translate.js
C:\Projects\2sxc-inpage\compiled\src\translate\2sxc.translate.js.map
C:\Projects\2sxc-inpage\compiled\src\commands\params.js
C:\Projects\2sxc-inpage\compiled\src\commands\params.js.map
C:\Projects\2sxc-inpage\compiled\src\commands\command.js
C:\Projects\2sxc-inpage\compiled\src\commands\command.js.map
C:\Projects\2sxc-inpage\compiled\src\commands\settings.js
C:\Projects\2sxc-inpage\compiled\src\commands\settings.js.map
C:\Projects\2sxc-inpage\compiled\src\toolbar\button\button-action.js
C:\Projects\2sxc-inpage\compiled\src\toolbar\button\button-action.js.map
C:\Projects\2sxc-inpage\compiled\src\toolbar\button\button-config.js
C:\Projects\2sxc-inpage\compiled\src\toolbar\button\button-config.js.map
C:\Projects\2sxc-inpage\compiled\src\commands\command-definition.js
C:\Projects\2sxc-inpage\compiled\src\commands\command-definition.js.map
C:\Projects\2sxc-inpage\compiled\src\x-bootstrap\sxc.js
C:\Projects\2sxc-inpage\compiled\src\x-bootstrap\sxc.js.map
C:\Projects\2sxc-inpage\compiled\src\context\context.js
C:\Projects\2sxc-inpage\compiled\src\context\context.js.map
C:\Projects\2sxc-inpage\compiled\src\commands\command-create.js
C:\Projects\2sxc-inpage\compiled\src\commands\command-create.js.map
C:\Projects\2sxc-inpage\compiled\src\contentBlock\main-content-block.js
C:\Projects\2sxc-inpage\compiled\src\contentBlock\main-content-block.js.map
C:\Projects\2sxc-inpage\compiled\src\quick-edit\conf.js
C:\Projects\2sxc-inpage\compiled\src\quick-edit\conf.js.map
C:\Projects\2sxc-inpage\compiled\src\quick-edit\coords.js
C:\Projects\2sxc-inpage\compiled\src\quick-edit\coords.js.map
C:\Projects\2sxc-inpage\compiled\src\quick-edit\cb-or-mod.js
C:\Projects\2sxc-inpage\compiled\src\quick-edit\cb-or-mod.js.map
C:\Projects\2sxc-inpage\compiled\src\quick-edit\selectors.js
C:\Projects\2sxc-inpage\compiled\src\quick-edit\selectors.js.map
C:\Projects\2sxc-inpage\compiled\src\quick-edit\selectors-instance.js
C:\Projects\2sxc-inpage\compiled\src\quick-edit\selectors-instance.js.map
C:\Projects\2sxc-inpage\compiled\src\quick-edit\positioning.js
C:\Projects\2sxc-inpage\compiled\src\quick-edit\positioning.js.map
C:\Projects\2sxc-inpage\compiled\src\quick-edit\quick-e.js
C:\Projects\2sxc-inpage\compiled\src\quick-edit\quick-e.js.map
C:\Projects\2sxc-inpage\compiled\src\quick-edit\config.js
C:\Projects\2sxc-inpage\compiled\src\quick-edit\config.js.map
C:\Projects\2sxc-inpage\compiled\src\quick-edit\start.js
C:\Projects\2sxc-inpage\compiled\src\quick-edit\start.js.map
C:\Projects\2sxc-inpage\compiled\src\toolbar\adapters\old-parameters-adapter.js
C:\Projects\2sxc-inpage\compiled\src\toolbar\adapters\old-parameters-adapter.js.map
C:\Projects\2sxc-inpage\compiled\src\toolbar\item\render-helpers.js
C:\Projects\2sxc-inpage\compiled\src\toolbar\item\render-helpers.js.map
C:\Projects\2sxc-inpage\compiled\src\toolbar\item\render-button.js
C:\Projects\2sxc-inpage\compiled\src\toolbar\item\render-button.js.map
C:\Projects\2sxc-inpage\compiled\src\toolbar\item\render-groups.js
C:\Projects\2sxc-inpage\compiled\src\toolbar\item\render-groups.js.map
C:\Projects\2sxc-inpage\compiled\src\toolbar\item\render-toolbar.js
C:\Projects\2sxc-inpage\compiled\src\toolbar\item\render-toolbar.js.map
C:\Projects\2sxc-inpage\compiled\src\logging\entry.js
C:\Projects\2sxc-inpage\compiled\src\logging\entry.js.map
C:\Projects\2sxc-inpage\compiled\src\logging\log.js
C:\Projects\2sxc-inpage\compiled\src\logging\log.js.map
C:\Projects\2sxc-inpage\compiled\src\logging\ihas-log.js
C:\Projects\2sxc-inpage\compiled\src\logging\ihas-log.js.map
C:\Projects\2sxc-inpage\compiled\src\logging\has-log.js
C:\Projects\2sxc-inpage\compiled\src\logging\has-log.js.map
C:\Projects\2sxc-inpage\compiled\src\toolbar\toolbar\toolbar-config-template.js
C:\Projects\2sxc-inpage\compiled\src\toolbar\toolbar\toolbar-config-template.js.map
C:\Projects\2sxc-inpage\compiled\src\toolbar\toolbar\templates\default-toolbar-template.js
C:\Projects\2sxc-inpage\compiled\src\toolbar\toolbar\templates\default-toolbar-template.js.map
C:\Projects\2sxc-inpage\compiled\src\toolbar\toolbar\templates\left-toolbar-template.js
C:\Projects\2sxc-inpage\compiled\src\toolbar\toolbar\templates\left-toolbar-template.js.map
C:\Projects\2sxc-inpage\compiled\src\toolbar\toolbar\toolbar-config-templates.js
C:\Projects\2sxc-inpage\compiled\src\toolbar\toolbar\toolbar-config-templates.js.map
C:\Projects\2sxc-inpage\compiled\src\toolbar\toolbar-manager.js
C:\Projects\2sxc-inpage\compiled\src\toolbar\toolbar-manager.js.map
C:\Projects\2sxc-inpage\compiled\src\toolbar\adapters\old-toolbar-settings-adapter.js
C:\Projects\2sxc-inpage\compiled\src\toolbar\adapters\old-toolbar-settings-adapter.js.map
C:\Projects\2sxc-inpage\compiled\src\commands\definition.js
C:\Projects\2sxc-inpage\compiled\src\commands\definition.js.map
C:\Projects\2sxc-inpage\compiled\src\toolbar\button\expand-button-config.js
C:\Projects\2sxc-inpage\compiled\src\toolbar\button\expand-button-config.js.map
C:\Projects\2sxc-inpage\compiled\src\toolbar\adapters\parameters-adapter.js
C:\Projects\2sxc-inpage\compiled\src\toolbar\adapters\parameters-adapter.js.map
C:\Projects\2sxc-inpage\compiled\src\toolbar\adapters\settings-adapter.js
C:\Projects\2sxc-inpage\compiled\src\toolbar\adapters\settings-adapter.js.map
C:\Projects\2sxc-inpage\compiled\src\toolbar\button\expand-group-config.js
C:\Projects\2sxc-inpage\compiled\src\toolbar\button\expand-group-config.js.map
C:\Projects\2sxc-inpage\compiled\src\toolbar\toolbar\toolbar-expand-config.js
C:\Projects\2sxc-inpage\compiled\src\toolbar\toolbar\toolbar-expand-config.js.map
C:\Projects\2sxc-inpage\compiled\src\toolbar\build-toolbars.js
C:\Projects\2sxc-inpage\compiled\src\toolbar\build-toolbars.js.map
C:\Projects\2sxc-inpage\compiled\src\contentBlock\web-api-params.js
C:\Projects\2sxc-inpage\compiled\src\contentBlock\web-api-params.js.map
C:\Projects\2sxc-inpage\compiled\src\contentBlock\web-api-promises.js
C:\Projects\2sxc-inpage\compiled\src\contentBlock\web-api-promises.js.map
C:\Projects\2sxc-inpage\compiled\src\contentBlock\render.js
C:\Projects\2sxc-inpage\compiled\src\contentBlock\render.js.map
C:\Projects\2sxc-inpage\compiled\src\quick-dialog\quick-dialog.js
C:\Projects\2sxc-inpage\compiled\src\quick-dialog\quick-dialog.js.map
C:\Projects\2sxc-inpage\compiled\src\contentBlock\templates.js
C:\Projects\2sxc-inpage\compiled\src\contentBlock\templates.js.map
C:\Projects\2sxc-inpage\compiled\src\commands\command-link-to-ng-dialog.js
C:\Projects\2sxc-inpage\compiled\src\commands\command-link-to-ng-dialog.js.map
C:\Projects\2sxc-inpage\compiled\src\commands\command-open-ng-dialog.js
C:\Projects\2sxc-inpage\compiled\src\commands\command-open-ng-dialog.js.map
C:\Projects\2sxc-inpage\compiled\src\commands\command-execute-action.js
C:\Projects\2sxc-inpage\compiled\src\commands\command-execute-action.js.map
C:\Projects\2sxc-inpage\compiled\src\commands\engine.js
C:\Projects\2sxc-inpage\compiled\src\commands\engine.js.map
C:\Projects\2sxc-inpage\compiled\src\contentBlock\action-params.js
C:\Projects\2sxc-inpage\compiled\src\contentBlock\action-params.js.map
C:\Projects\2sxc-inpage\compiled\src\contentBlock\actions.js
C:\Projects\2sxc-inpage\compiled\src\contentBlock\actions.js.map
C:\Projects\2sxc-inpage\compiled\src\commands\command-base.js
C:\Projects\2sxc-inpage\compiled\src\commands\command-base.js.map
C:\Projects\2sxc-inpage\compiled\src\commands\command\add.js
C:\Projects\2sxc-inpage\compiled\src\commands\command\add.js.map
C:\Projects\2sxc-inpage\compiled\src\commands\command\app.js
C:\Projects\2sxc-inpage\compiled\src\commands\command\app.js.map
C:\Projects\2sxc-inpage\compiled\src\commands\command\app-import.js
C:\Projects\2sxc-inpage\compiled\src\commands\command\app-import.js.map
C:\Projects\2sxc-inpage\compiled\src\commands\command\app-resources.js
C:\Projects\2sxc-inpage\compiled\src\commands\command\app-resources.js.map
C:\Projects\2sxc-inpage\compiled\src\commands\command\app-settings.js
C:\Projects\2sxc-inpage\compiled\src\commands\command\app-settings.js.map
C:\Projects\2sxc-inpage\compiled\src\commands\command\content-items.js
C:\Projects\2sxc-inpage\compiled\src\commands\command\content-items.js.map
C:\Projects\2sxc-inpage\compiled\src\commands\command\content-type.js
C:\Projects\2sxc-inpage\compiled\src\commands\command\content-type.js.map
C:\Projects\2sxc-inpage\compiled\src\commands\command\custom.js
C:\Projects\2sxc-inpage\compiled\src\commands\command\custom.js.map
C:\Projects\2sxc-inpage\compiled\src\entity-manipulation\item-commands.js
C:\Projects\2sxc-inpage\compiled\src\entity-manipulation\item-commands.js.map
C:\Projects\2sxc-inpage\compiled\src\commands\command\delete.js
C:\Projects\2sxc-inpage\compiled\src\commands\command\delete.js.map
C:\Projects\2sxc-inpage\compiled\src\commands\command\edit.js
C:\Projects\2sxc-inpage\compiled\src\commands\command\edit.js.map
C:\Projects\2sxc-inpage\compiled\src\commands\command\instance-list.js
C:\Projects\2sxc-inpage\compiled\src\commands\command\instance-list.js.map
C:\Projects\2sxc-inpage\compiled\src\commands\command\item-history.js
C:\Projects\2sxc-inpage\compiled\src\commands\command\item-history.js.map
C:\Projects\2sxc-inpage\compiled\src\commands\command\layout.js
C:\Projects\2sxc-inpage\compiled\src\commands\command\layout.js.map
C:\Projects\2sxc-inpage\compiled\src\commands\command\metadata.js
C:\Projects\2sxc-inpage\compiled\src\commands\command\metadata.js.map
C:\Projects\2sxc-inpage\compiled\src\commands\command\more.js
C:\Projects\2sxc-inpage\compiled\src\commands\command\more.js.map
C:\Projects\2sxc-inpage\compiled\src\commands\command\movedown.js
C:\Projects\2sxc-inpage\compiled\src\commands\command\movedown.js.map
C:\Projects\2sxc-inpage\compiled\src\commands\command\moveup.js
C:\Projects\2sxc-inpage\compiled\src\commands\command\moveup.js.map
C:\Projects\2sxc-inpage\compiled\src\commands\command\new.js
C:\Projects\2sxc-inpage\compiled\src\commands\command\new.js.map
C:\Projects\2sxc-inpage\compiled\src\commands\command\publish.js
C:\Projects\2sxc-inpage\compiled\src\commands\command\publish.js.map
C:\Projects\2sxc-inpage\compiled\src\commands\command\remove.js
C:\Projects\2sxc-inpage\compiled\src\commands\command\remove.js.map
C:\Projects\2sxc-inpage\compiled\src\commands\command\replace.js
C:\Projects\2sxc-inpage\compiled\src\commands\command\replace.js.map
C:\Projects\2sxc-inpage\compiled\src\commands\command\template-develop.js
C:\Projects\2sxc-inpage\compiled\src\commands\command\template-develop.js.map
C:\Projects\2sxc-inpage\compiled\src\commands\command\template-query.js
C:\Projects\2sxc-inpage\compiled\src\commands\command\template-query.js.map
C:\Projects\2sxc-inpage\compiled\src\commands\command\template-settings.js
C:\Projects\2sxc-inpage\compiled\src\commands\command\template-settings.js.map
C:\Projects\2sxc-inpage\compiled\src\commands\command\zone.js
C:\Projects\2sxc-inpage\compiled\src\commands\command\zone.js.map
C:\Projects\2sxc-inpage\compiled\src\commands\commands.js
C:\Projects\2sxc-inpage\compiled\src\commands\commands.js.map
C:\Projects\2sxc-inpage\compiled\src\contentBlock\manipulate-params.js
C:\Projects\2sxc-inpage\compiled\src\contentBlock\manipulate-params.js.map
C:\Projects\2sxc-inpage\compiled\src\contentBlock\manipulate.js
C:\Projects\2sxc-inpage\compiled\src\contentBlock\manipulate.js.map
C:\Projects\2sxc-inpage\compiled\src\toolbar\button\mod-config.js
C:\Projects\2sxc-inpage\compiled\src\toolbar\button\mod-config.js.map
C:\Projects\2sxc-inpage\compiled\src\toolbar\button\button-definition.js
C:\Projects\2sxc-inpage\compiled\src\toolbar\button\button-definition.js.map
C:\Projects\2sxc-inpage\compiled\src\manage\local-storage-helper.js
C:\Projects\2sxc-inpage\compiled\src\manage\local-storage-helper.js.map
C:\Projects\2sxc-inpage\compiled\src\toolbar\adapters\button-config-adapter.js
C:\Projects\2sxc-inpage\compiled\src\toolbar\adapters\button-config-adapter.js.map
C:\Projects\2sxc-inpage\compiled\src\manage\create.js
C:\Projects\2sxc-inpage\compiled\src\manage\create.js.map
C:\Projects\2sxc-inpage\compiled\src\manage\manage.js
C:\Projects\2sxc-inpage\compiled\src\manage\manage.js.map
C:\Projects\2sxc-inpage\compiled\src\translate\libs\i18next.min.js
C:\Projects\2sxc-inpage\compiled\src\translate\libs\i18next.min.js.map
C:\Projects\2sxc-inpage\compiled\src\translate\libs\i18nextXHRBackend.min.js
C:\Projects\2sxc-inpage\compiled\src\translate\libs\i18nextXHRBackend.min.js.map
C:\Projects\2sxc-inpage\compiled\src\translate\libs\jquery-i18next.min.js
C:\Projects\2sxc-inpage\compiled\src\translate\libs\jquery-i18next.min.js.map
C:\Projects\2sxc-inpage\compiled\src\translate\2sxc._translateInit.js
C:\Projects\2sxc-inpage\compiled\src\translate\2sxc._translateInit.js.map
C:\Projects\2sxc-inpage\compiled\src\logging\log-utils.js
C:\Projects\2sxc-inpage\compiled\src\logging\log-utils.js.map
C:\Projects\2sxc-inpage\compiled\src\x-bootstrap\module-bootstrapper.js
C:\Projects\2sxc-inpage\compiled\src\x-bootstrap\module-bootstrapper.js.map
C:\Projects\2sxc-inpage\compiled\src\inpage.{}.js
C:\Projects\2sxc-inpage\compiled\src\inpage.{}.js.map
C:\Projects\2sxc-inpage\compiled\test\jasmine-get-started.js
C:\Projects\2sxc-inpage\compiled\test\jasmine-get-started.js.map
C:\Projects\2sxc-inpage\compiled\test\test-data-edit-context.js
C:\Projects\2sxc-inpage\compiled\test\test-data-edit-context.js.map
C:\Projects\2sxc-inpage\compiled\test\toolbar.js
C:\Projects\2sxc-inpage\compiled\test\toolbar.js.map
C:\Projects\2sxc-inpage\compiled\src\2sxc-extensions\2sxc.consts.js
C:\Projects\2sxc-inpage\compiled\src\2sxc-extensions\2sxc.consts.js.map
C:\Projects\2sxc-inpage\compiled\src\2sxc-extensions\2sxc.system.js
C:\Projects\2sxc-inpage\compiled\src\2sxc-extensions\2sxc.system.js.map
C:\Projects\2sxc-inpage\compiled\src\dnn-menu-helper\dnn-inpage-edit.js
C:\Projects\2sxc-inpage\compiled\src\dnn-menu-helper\dnn-inpage-edit.js.map
C:\Projects\2sxc-inpage\compiled\src\dnn-workarounds\dnn-08.00.04.js
C:\Projects\2sxc-inpage\compiled\src\dnn-workarounds\dnn-08.00.04.js.map
C:\Projects\2sxc-inpage\compiled\src\interfaces\Array.js
C:\Projects\2sxc-inpage\compiled\src\interfaces\Array.js.map
C:\Projects\2sxc-inpage\compiled\src\interfaces\hashtable.js
C:\Projects\2sxc-inpage\compiled\src\interfaces\hashtable.js.map
C:\Projects\2sxc-inpage\compiled\src\interfaces\item.js
C:\Projects\2sxc-inpage\compiled\src\interfaces\item.js.map
C:\Projects\2sxc-inpage\compiled\src\interfaces\object-constructor.js
C:\Projects\2sxc-inpage\compiled\src\interfaces\object-constructor.js.map
C:\Projects\2sxc-inpage\compiled\src\interfaces\Object.js
C:\Projects\2sxc-inpage\compiled\src\interfaces\Object.js.map
C:\Projects\2sxc-inpage\compiled\src\interfaces\sxc-controller-with-internals.js
C:\Projects\2sxc-inpage\compiled\src\interfaces\sxc-controller-with-internals.js.map
C:\Projects\2sxc-inpage\compiled\src\interfaces\window.js
C:\Projects\2sxc-inpage\compiled\src\interfaces\window.js.map
C:\Projects\2sxc-inpage\compiled\src\lib-helpers\2sxc._lib.extend.js
C:\Projects\2sxc-inpage\compiled\src\lib-helpers\2sxc._lib.extend.js.map
C:\Projects\2sxc-inpage\compiled\src\lib-helpers\jquery.js
C:\Projects\2sxc-inpage\compiled\src\lib-helpers\jquery.js.map
C:\Projects\2sxc-inpage\compiled\src\polyfills\array.prototype.find.js
C:\Projects\2sxc-inpage\compiled\src\polyfills\array.prototype.find.js.map
C:\Projects\2sxc-inpage\compiled\src\polyfills\Object.assign.js
C:\Projects\2sxc-inpage\compiled\src\polyfills\Object.assign.js.map
C:\Projects\2sxc-inpage\compiled\src\quick-edit\cb.js
C:\Projects\2sxc-inpage\compiled\src\quick-edit\cb.js.map
C:\Projects\2sxc-inpage\compiled\src\quick-edit\mod-manage.js
C:\Projects\2sxc-inpage\compiled\src\quick-edit\mod-manage.js.map
C:\Projects\2sxc-inpage\compiled\src\quick-edit\mod.js
C:\Projects\2sxc-inpage\compiled\src\quick-edit\mod.js.map
C:\Projects\2sxc-inpage\compiled\src\quick-edit\cmds-strategy-factory.js
C:\Projects\2sxc-inpage\compiled\src\quick-edit\cmds-strategy-factory.js.map
C:\Projects\2sxc-inpage\compiled\src\quick-edit\specs.js
C:\Projects\2sxc-inpage\compiled\src\quick-edit\specs.js.map
C:\Projects\2sxc-inpage\compiled\src\quick-edit\clipboard.js
C:\Projects\2sxc-inpage\compiled\src\quick-edit\clipboard.js.map
C:\Projects\2sxc-inpage\compiled\src\quick-edit\content-block.js
C:\Projects\2sxc-inpage\compiled\src\quick-edit\content-block.js.map
C:\Projects\2sxc-inpage\compiled\src\quick-edit\delete.js
C:\Projects\2sxc-inpage\compiled\src\quick-edit\delete.js.map
C:\Projects\2sxc-inpage\compiled\src\quick-edit\dictionary.js
C:\Projects\2sxc-inpage\compiled\src\quick-edit\dictionary.js.map
C:\Projects\2sxc-inpage\compiled\src\quick-edit\module.js
C:\Projects\2sxc-inpage\compiled\src\quick-edit\module.js.map
C:\Projects\2sxc-inpage\compiled\src\toolbar\toolbar-events.js
C:\Projects\2sxc-inpage\compiled\src\toolbar\toolbar-events.js.map
C:\Projects\2sxc-inpage\compiled\src\toolbar\toolbar-shake.js
C:\Projects\2sxc-inpage\compiled\src\toolbar\toolbar-shake.js.map
C:\Projects\2sxc-inpage\compiled\test\assets\json-typings.js
C:\Projects\2sxc-inpage\compiled\test\assets\json-typings.js.map
C:\Projects\2sxc-inpage\compiled\src\toolbar\item\item-render.js
C:\Projects\2sxc-inpage\compiled\src\toolbar\item\item-render.js.map
C:\Projects\2sxc-inpage\compiled\src\toolbar\libs\shake.js
C:\Projects\2sxc-inpage\compiled\src\toolbar\libs\shake.js.map
